[0.808s] Invoking command in '/root/indoor_py': PYTHONPATH=/root/indoor_py/build/indoor_py/prefix_override:/usr/lib/python3/dist-packages/colcon_core/task/python/colcon_distutils_commands:/root/indoor_py/install/indoor_py/lib/python3.10/site-packages:${PYTHONPATH} /usr/bin/python3 -W ignore:setup.py install is deprecated setup.py egg_info --egg-base build/indoor_py build --build-base /root/indoor_py/build/indoor_py/build install --record /root/indoor_py/build/indoor_py/install.log --single-version-externally-managed install_data
[1.072s] running egg_info
[1.073s] writing build/indoor_py/indoor_py.egg-info/PKG-INFO
[1.073s] writing dependency_links to build/indoor_py/indoor_py.egg-info/dependency_links.txt
[1.074s] writing entry points to build/indoor_py/indoor_py.egg-info/entry_points.txt
[1.074s] writing requirements to build/indoor_py/indoor_py.egg-info/requires.txt
[1.074s] writing top-level names to build/indoor_py/indoor_py.egg-info/top_level.txt
[1.075s] reading manifest file 'build/indoor_py/indoor_py.egg-info/SOURCES.txt'
[1.075s] adding license file 'LICENSE'
[1.077s] writing manifest file 'build/indoor_py/indoor_py.egg-info/SOURCES.txt'
[1.077s] running build
[1.077s] running build_py
[1.077s] running install
[1.077s] running install_lib
[1.078s] running install_data
[1.079s] running install_egg_info
[1.080s] removing '/root/indoor_py/install/indoor_py/lib/python3.10/site-packages/indoor_py-0.0.0-py3.10.egg-info' (and everything under it)
[1.081s] Copying build/indoor_py/indoor_py.egg-info to /root/indoor_py/install/indoor_py/lib/python3.10/site-packages/indoor_py-0.0.0-py3.10.egg-info
[1.083s] running install_scripts
[1.105s] Installing my_robot_driver script to /root/indoor_py/install/indoor_py/lib/indoor_py
[1.105s] writing list of installed files to '/root/indoor_py/build/indoor_py/install.log'
[1.136s] Invoked command in '/root/indoor_py' returned '0': PYTHONPATH=/root/indoor_py/build/indoor_py/prefix_override:/usr/lib/python3/dist-packages/colcon_core/task/python/colcon_distutils_commands:/root/indoor_py/install/indoor_py/lib/python3.10/site-packages:${PYTHONPATH} /usr/bin/python3 -W ignore:setup.py install is deprecated setup.py egg_info --egg-base build/indoor_py build --build-base /root/indoor_py/build/indoor_py/build install --record /root/indoor_py/build/indoor_py/install.log --single-version-externally-managed install_data
