running egg_info
creating build/indoor_py/indoor_py.egg-info
writing build/indoor_py/indoor_py.egg-info/PKG-INFO
writing dependency_links to build/indoor_py/indoor_py.egg-info/dependency_links.txt
writing entry points to build/indoor_py/indoor_py.egg-info/entry_points.txt
writing requirements to build/indoor_py/indoor_py.egg-info/requires.txt
writing top-level names to build/indoor_py/indoor_py.egg-info/top_level.txt
writing manifest file 'build/indoor_py/indoor_py.egg-info/SOURCES.txt'
reading manifest file 'build/indoor_py/indoor_py.egg-info/SOURCES.txt'
adding license file 'LICENSE'
writing manifest file 'build/indoor_py/indoor_py.egg-info/SOURCES.txt'
running build
running build_py
creating /root/indoor_py/build/indoor_py/build
creating /root/indoor_py/build/indoor_py/build/lib
creating /root/indoor_py/build/indoor_py/build/lib/indoor_py
copying indoor_py/my_robot_driver.py -> /root/indoor_py/build/indoor_py/build/lib/indoor_py
copying indoor_py/__init__.py -> /root/indoor_py/build/indoor_py/build/lib/indoor_py
running install
running install_lib
creating /root/indoor_py/install/indoor_py/lib/python3.10/site-packages/indoor_py
copying /root/indoor_py/build/indoor_py/build/lib/indoor_py/my_robot_driver.py -> /root/indoor_py/install/indoor_py/lib/python3.10/site-packages/indoor_py
copying /root/indoor_py/build/indoor_py/build/lib/indoor_py/__init__.py -> /root/indoor_py/install/indoor_py/lib/python3.10/site-packages/indoor_py
byte-compiling /root/indoor_py/install/indoor_py/lib/python3.10/site-packages/indoor_py/my_robot_driver.py to my_robot_driver.cpython-310.pyc
byte-compiling /root/indoor_py/install/indoor_py/lib/python3.10/site-packages/indoor_py/__init__.py to __init__.cpython-310.pyc
running install_data
creating /root/indoor_py/install/indoor_py/share/ament_index
creating /root/indoor_py/install/indoor_py/share/ament_index/resource_index
creating /root/indoor_py/install/indoor_py/share/ament_index/resource_index/packages
copying resource/indoor_py -> /root/indoor_py/install/indoor_py/share/ament_index/resource_index/packages
creating /root/indoor_py/install/indoor_py/share/indoor_py/launch
copying launch/indoor_launch.py -> /root/indoor_py/install/indoor_py/share/indoor_py/launch
creating /root/indoor_py/install/indoor_py/share/indoor_py/worlds
copying worlds/tut.wbt -> /root/indoor_py/install/indoor_py/share/indoor_py/worlds
copying package.xml -> /root/indoor_py/install/indoor_py/share/indoor_py
creating /root/indoor_py/install/indoor_py/share/indoor_py/resource
copying resource/turtlebot_webots.urdf -> /root/indoor_py/install/indoor_py/share/indoor_py/resource
error: can't copy 'resource/ros2control.yml': doesn't exist or not a regular file
