[0.679s] Invoking command in '/root/indoor_py': PYTHONPATH=/root/indoor_py/build/indoor_py/prefix_override:/usr/lib/python3/dist-packages/colcon_core/task/python/colcon_distutils_commands:/root/indoor_py/install/indoor_py/lib/python3.10/site-packages:${PYTHONPATH} /usr/bin/python3 -W ignore:setup.py install is deprecated setup.py egg_info --egg-base build/indoor_py build --build-base /root/indoor_py/build/indoor_py/build install --record /root/indoor_py/build/indoor_py/install.log --single-version-externally-managed install_data
[0.912s] running egg_info
[0.913s] creating build/indoor_py/indoor_py.egg-info
[0.914s] writing build/indoor_py/indoor_py.egg-info/PKG-INFO
[0.914s] writing dependency_links to build/indoor_py/indoor_py.egg-info/dependency_links.txt
[0.914s] writing entry points to build/indoor_py/indoor_py.egg-info/entry_points.txt
[0.914s] writing requirements to build/indoor_py/indoor_py.egg-info/requires.txt
[0.915s] writing top-level names to build/indoor_py/indoor_py.egg-info/top_level.txt
[0.915s] writing manifest file 'build/indoor_py/indoor_py.egg-info/SOURCES.txt'
[0.917s] reading manifest file 'build/indoor_py/indoor_py.egg-info/SOURCES.txt'
[0.917s] adding license file 'LICENSE'
[0.918s] writing manifest file 'build/indoor_py/indoor_py.egg-info/SOURCES.txt'
[0.918s] running build
[0.918s] running build_py
[0.918s] creating /root/indoor_py/build/indoor_py/build
[0.918s] creating /root/indoor_py/build/indoor_py/build/lib
[0.919s] creating /root/indoor_py/build/indoor_py/build/lib/indoor_py
[0.919s] copying indoor_py/my_robot_driver.py -> /root/indoor_py/build/indoor_py/build/lib/indoor_py
[0.919s] copying indoor_py/__init__.py -> /root/indoor_py/build/indoor_py/build/lib/indoor_py
[0.919s] running install
[0.920s] running install_lib
[0.920s] creating /root/indoor_py/install/indoor_py/lib/python3.10/site-packages/indoor_py
[0.921s] copying /root/indoor_py/build/indoor_py/build/lib/indoor_py/my_robot_driver.py -> /root/indoor_py/install/indoor_py/lib/python3.10/site-packages/indoor_py
[0.921s] copying /root/indoor_py/build/indoor_py/build/lib/indoor_py/__init__.py -> /root/indoor_py/install/indoor_py/lib/python3.10/site-packages/indoor_py
[0.921s] byte-compiling /root/indoor_py/install/indoor_py/lib/python3.10/site-packages/indoor_py/my_robot_driver.py to my_robot_driver.cpython-310.pyc
[0.924s] byte-compiling /root/indoor_py/install/indoor_py/lib/python3.10/site-packages/indoor_py/__init__.py to __init__.cpython-310.pyc
[0.924s] running install_data
[0.924s] creating /root/indoor_py/install/indoor_py/share/ament_index
[0.924s] creating /root/indoor_py/install/indoor_py/share/ament_index/resource_index
[0.924s] creating /root/indoor_py/install/indoor_py/share/ament_index/resource_index/packages
[0.925s] copying resource/indoor_py -> /root/indoor_py/install/indoor_py/share/ament_index/resource_index/packages
[0.925s] creating /root/indoor_py/install/indoor_py/share/indoor_py/launch
[0.925s] copying launch/indoor_launch.py -> /root/indoor_py/install/indoor_py/share/indoor_py/launch
[0.925s] creating /root/indoor_py/install/indoor_py/share/indoor_py/worlds
[0.925s] copying worlds/tut.wbt -> /root/indoor_py/install/indoor_py/share/indoor_py/worlds
[0.926s] copying package.xml -> /root/indoor_py/install/indoor_py/share/indoor_py
[0.926s] creating /root/indoor_py/install/indoor_py/share/indoor_py/resource
[0.926s] copying resource/turtlebot_webots.urdf -> /root/indoor_py/install/indoor_py/share/indoor_py/resource
[0.926s] error: can't copy 'resource/ros2control.yml': doesn't exist or not a regular file
[0.946s] Invoked command in '/root/indoor_py' returned '1': PYTHONPATH=/root/indoor_py/build/indoor_py/prefix_override:/usr/lib/python3/dist-packages/colcon_core/task/python/colcon_distutils_commands:/root/indoor_py/install/indoor_py/lib/python3.10/site-packages:${PYTHONPATH} /usr/bin/python3 -W ignore:setup.py install is deprecated setup.py egg_info --egg-base build/indoor_py build --build-base /root/indoor_py/build/indoor_py/build install --record /root/indoor_py/build/indoor_py/install.log --single-version-externally-managed install_data
