[0.742s] Invoking command in '/root/indoor_py': PYTHONPATH=/root/indoor_py/build/indoor_py/prefix_override:/usr/lib/python3/dist-packages/colcon_core/task/python/colcon_distutils_commands:/root/indoor_py/install/indoor_py/lib/python3.10/site-packages:${PYTHONPATH} /usr/bin/python3 -W ignore:setup.py install is deprecated setup.py egg_info --egg-base build/indoor_py build --build-base /root/indoor_py/build/indoor_py/build install --record /root/indoor_py/build/indoor_py/install.log --single-version-externally-managed install_data
[0.968s] running egg_info
[0.969s] writing build/indoor_py/indoor_py.egg-info/PKG-INFO
[0.969s] writing dependency_links to build/indoor_py/indoor_py.egg-info/dependency_links.txt
[0.969s] writing entry points to build/indoor_py/indoor_py.egg-info/entry_points.txt
[0.970s] writing requirements to build/indoor_py/indoor_py.egg-info/requires.txt
[0.970s] writing top-level names to build/indoor_py/indoor_py.egg-info/top_level.txt
[0.972s] reading manifest file 'build/indoor_py/indoor_py.egg-info/SOURCES.txt'
[0.973s] adding license file 'LICENSE'
[0.974s] writing manifest file 'build/indoor_py/indoor_py.egg-info/SOURCES.txt'
[0.974s] running build
[0.974s] running build_py
[0.974s] copying indoor_py/my_robot_driver.py -> /root/indoor_py/build/indoor_py/build/lib/indoor_py
[0.976s] running install
[0.976s] running install_lib
[0.977s] copying /root/indoor_py/build/indoor_py/build/lib/indoor_py/my_robot_driver.py -> /root/indoor_py/install/indoor_py/lib/python3.10/site-packages/indoor_py
[0.978s] byte-compiling /root/indoor_py/install/indoor_py/lib/python3.10/site-packages/indoor_py/my_robot_driver.py to my_robot_driver.cpython-310.pyc
[0.981s] running install_data
[0.981s] copying worlds/tut.wbt -> /root/indoor_py/install/indoor_py/share/indoor_py/worlds
[0.984s] running install_egg_info
[0.986s] removing '/root/indoor_py/install/indoor_py/lib/python3.10/site-packages/indoor_py-0.0.0-py3.10.egg-info' (and everything under it)
[0.987s] Copying build/indoor_py/indoor_py.egg-info to /root/indoor_py/install/indoor_py/lib/python3.10/site-packages/indoor_py-0.0.0-py3.10.egg-info
[0.989s] running install_scripts
[1.008s] Installing my_robot_driver script to /root/indoor_py/install/indoor_py/lib/indoor_py
[1.009s] writing list of installed files to '/root/indoor_py/build/indoor_py/install.log'
[1.035s] Invoked command in '/root/indoor_py' returned '0': PYTHONPATH=/root/indoor_py/build/indoor_py/prefix_override:/usr/lib/python3/dist-packages/colcon_core/task/python/colcon_distutils_commands:/root/indoor_py/install/indoor_py/lib/python3.10/site-packages:${PYTHONPATH} /usr/bin/python3 -W ignore:setup.py install is deprecated setup.py egg_info --egg-base build/indoor_py build --build-base /root/indoor_py/build/indoor_py/build install --record /root/indoor_py/build/indoor_py/install.log --single-version-externally-managed install_data
