/root/indoor_py/install/indoor_py/lib/python3.10/site-packages/indoor_py/my_robot_driver.py
/root/indoor_py/install/indoor_py/lib/python3.10/site-packages/indoor_py/__init__.py
/root/indoor_py/install/indoor_py/lib/python3.10/site-packages/indoor_py/new.py
/root/indoor_py/install/indoor_py/lib/python3.10/site-packages/indoor_py/__pycache__/my_robot_driver.cpython-310.pyc
/root/indoor_py/install/indoor_py/lib/python3.10/site-packages/indoor_py/__pycache__/__init__.cpython-310.pyc
/root/indoor_py/install/indoor_py/lib/python3.10/site-packages/indoor_py/__pycache__/new.cpython-310.pyc
/root/indoor_py/install/indoor_py/share/ament_index/resource_index/packages/indoor_py
/root/indoor_py/install/indoor_py/share/indoor_py/launch/indoor_launch.py
/root/indoor_py/install/indoor_py/share/indoor_py/worlds/tut.wbt
/root/indoor_py/install/indoor_py/share/indoor_py/package.xml
/root/indoor_py/install/indoor_py/share/indoor_py/resource/turtlebot_webots.urdf
/root/indoor_py/install/indoor_py/share/indoor_py/resource/ros2control.yml
/root/indoor_py/install/indoor_py/lib/python3.10/site-packages/indoor_py-0.0.0-py3.10.egg-info/SOURCES.txt
/root/indoor_py/install/indoor_py/lib/python3.10/site-packages/indoor_py-0.0.0-py3.10.egg-info/entry_points.txt
/root/indoor_py/install/indoor_py/lib/python3.10/site-packages/indoor_py-0.0.0-py3.10.egg-info/requires.txt
/root/indoor_py/install/indoor_py/lib/python3.10/site-packages/indoor_py-0.0.0-py3.10.egg-info/zip-safe
/root/indoor_py/install/indoor_py/lib/python3.10/site-packages/indoor_py-0.0.0-py3.10.egg-info/PKG-INFO
/root/indoor_py/install/indoor_py/lib/python3.10/site-packages/indoor_py-0.0.0-py3.10.egg-info/dependency_links.txt
/root/indoor_py/install/indoor_py/lib/python3.10/site-packages/indoor_py-0.0.0-py3.10.egg-info/top_level.txt
/root/indoor_py/install/indoor_py/lib/indoor_py/my_robot_driver
