[0.712s] Invoking command in '/root/indoor_py': PYTHONPATH=/root/indoor_py/build/indoor_py/prefix_override:/usr/lib/python3/dist-packages/colcon_core/task/python/colcon_distutils_commands:/root/indoor_py/install/indoor_py/lib/python3.10/site-packages:${PYTHONPATH} /usr/bin/python3 -W ignore:setup.py install is deprecated setup.py egg_info --egg-base build/indoor_py build --build-base /root/indoor_py/build/indoor_py/build install --record /root/indoor_py/build/indoor_py/install.log --single-version-externally-managed install_data
[0.933s] running egg_info
[0.934s] writing build/indoor_py/indoor_py.egg-info/PKG-INFO
[0.934s] writing dependency_links to build/indoor_py/indoor_py.egg-info/dependency_links.txt
[0.935s] writing entry points to build/indoor_py/indoor_py.egg-info/entry_points.txt
[0.935s] writing requirements to build/indoor_py/indoor_py.egg-info/requires.txt
[0.935s] writing top-level names to build/indoor_py/indoor_py.egg-info/top_level.txt
[0.939s] reading manifest file 'build/indoor_py/indoor_py.egg-info/SOURCES.txt'
[0.940s] adding license file 'LICENSE'
[0.940s] writing manifest file 'build/indoor_py/indoor_py.egg-info/SOURCES.txt'
[0.941s] running build
[0.941s] running build_py
[0.941s] running install
[0.941s] running install_lib
[0.943s] running install_data
[0.944s] copying worlds/tut.wbt -> /root/indoor_py/install/indoor_py/share/indoor_py/worlds
[0.945s] running install_egg_info
[0.947s] removing '/root/indoor_py/install/indoor_py/lib/python3.10/site-packages/indoor_py-0.0.0-py3.10.egg-info' (and everything under it)
[0.948s] Copying build/indoor_py/indoor_py.egg-info to /root/indoor_py/install/indoor_py/lib/python3.10/site-packages/indoor_py-0.0.0-py3.10.egg-info
[0.949s] running install_scripts
[0.969s] Installing my_robot_driver script to /root/indoor_py/install/indoor_py/lib/indoor_py
[0.969s] writing list of installed files to '/root/indoor_py/build/indoor_py/install.log'
[0.993s] Invoked command in '/root/indoor_py' returned '0': PYTHONPATH=/root/indoor_py/build/indoor_py/prefix_override:/usr/lib/python3/dist-packages/colcon_core/task/python/colcon_distutils_commands:/root/indoor_py/install/indoor_py/lib/python3.10/site-packages:${PYTHONPATH} /usr/bin/python3 -W ignore:setup.py install is deprecated setup.py egg_info --egg-base build/indoor_py build --build-base /root/indoor_py/build/indoor_py/build install --record /root/indoor_py/build/indoor_py/install.log --single-version-externally-managed install_data
