[0.636s] Invoking command in '/root/indoor_py': PYTHONPATH=/root/indoor_py/build/indoor_py/prefix_override:/usr/lib/python3/dist-packages/colcon_core/task/python/colcon_distutils_commands:/root/indoor_py/install/indoor_py/lib/python3.10/site-packages:${PYTHONPATH} /usr/bin/python3 -W ignore:setup.py install is deprecated setup.py egg_info --egg-base build/indoor_py build --build-base /root/indoor_py/build/indoor_py/build install --record /root/indoor_py/build/indoor_py/install.log --single-version-externally-managed install_data
[0.874s] running egg_info
[0.875s] writing build/indoor_py/indoor_py.egg-info/PKG-INFO
[0.875s] writing dependency_links to build/indoor_py/indoor_py.egg-info/dependency_links.txt
[0.875s] writing entry points to build/indoor_py/indoor_py.egg-info/entry_points.txt
[0.876s] writing requirements to build/indoor_py/indoor_py.egg-info/requires.txt
[0.876s] writing top-level names to build/indoor_py/indoor_py.egg-info/top_level.txt
[0.878s] reading manifest file 'build/indoor_py/indoor_py.egg-info/SOURCES.txt'
[0.878s] adding license file 'LICENSE'
[0.879s] writing manifest file 'build/indoor_py/indoor_py.egg-info/SOURCES.txt'
[0.879s] running build
[0.879s] running build_py
[0.879s] copying indoor_py/my_robot_driver.py -> /root/indoor_py/build/indoor_py/build/lib/indoor_py
[0.879s] running install
[0.880s] running install_lib
[0.881s] copying /root/indoor_py/build/indoor_py/build/lib/indoor_py/my_robot_driver.py -> /root/indoor_py/install/indoor_py/lib/python3.10/site-packages/indoor_py
[0.881s] byte-compiling /root/indoor_py/install/indoor_py/lib/python3.10/site-packages/indoor_py/my_robot_driver.py to my_robot_driver.cpython-310.pyc
[0.883s] running install_data
[0.884s] running install_egg_info
[0.885s] removing '/root/indoor_py/install/indoor_py/lib/python3.10/site-packages/indoor_py-0.0.0-py3.10.egg-info' (and everything under it)
[0.886s] Copying build/indoor_py/indoor_py.egg-info to /root/indoor_py/install/indoor_py/lib/python3.10/site-packages/indoor_py-0.0.0-py3.10.egg-info
[0.887s] running install_scripts
[0.906s] Installing my_robot_driver script to /root/indoor_py/install/indoor_py/lib/indoor_py
[0.907s] writing list of installed files to '/root/indoor_py/build/indoor_py/install.log'
[0.934s] Invoked command in '/root/indoor_py' returned '0': PYTHONPATH=/root/indoor_py/build/indoor_py/prefix_override:/usr/lib/python3/dist-packages/colcon_core/task/python/colcon_distutils_commands:/root/indoor_py/install/indoor_py/lib/python3.10/site-packages:${PYTHONPATH} /usr/bin/python3 -W ignore:setup.py install is deprecated setup.py egg_info --egg-base build/indoor_py build --build-base /root/indoor_py/build/indoor_py/build install --record /root/indoor_py/build/indoor_py/install.log --single-version-externally-managed install_data
